<?xml version="1.0" encoding="UTF-8"?>
<testng-results ignored="0" total="1" passed="1" failed="0" skipped="0">
  <reporter-output>
    <line>
      <![CDATA[Read data from properties file...]]>
    </line>
    <line>
      <![CDATA[Wait for 1000ms...]]>
    </line>
    <line>
      <![CDATA[Launch browser and open NeoStox...]]>
    </line>
    <line>
      <![CDATA[Wait for 1000ms...]]>
    </line>
    <line>
      <![CDATA[Wait for 1000ms...]]>
    </line>
    <line>
      <![CDATA[Click on sign in button...]]>
    </line>
    <line>
      <![CDATA[Wait for 1000ms...]]>
    </line>
    <line>
      <![CDATA[Read data from properties file...]]>
    </line>
    <line>
      <![CDATA[Wait for 1000ms...]]>
    </line>
    <line>
      <![CDATA[Enter mobile number...]]>
    </line>
    <line>
      <![CDATA[Wait for 1000ms...]]>
    </line>
    <line>
      <![CDATA[Wait for 1000ms...]]>
    </line>
    <line>
      <![CDATA[Click on sign in button...]]>
    </line>
    <line>
      <![CDATA[Wait for 1000ms...]]>
    </line>
    <line>
      <![CDATA[Read data from properties file...]]>
    </line>
    <line>
      <![CDATA[Wait for 1000ms...]]>
    </line>
    <line>
      <![CDATA[Enter mobile number...]]>
    </line>
    <line>
      <![CDATA[Wait for 1000ms...]]>
    </line>
    <line>
      <![CDATA[Click on sign in button...]]>
    </line>
    <line>
      <![CDATA[Wait for 1000ms...]]>
    </line>
    <line>
      <![CDATA[clicking on ok button...]]>
    </line>
    <line>
      <![CDATA[Wait for 1000ms...]]>
    </line>
    <line>
      <![CDATA[Scrolling into view at [[ChromeDriver: chrome on WINDOWS (1ccc837958399d496dd10c333ab515de)] -> xpath: (//a[@id='navbarDropdown']//span)[3]]...]]>
    </line>
    <line>
      <![CDATA[Wait for 1000ms...]]>
    </line>
    <line>
      <![CDATA[take screenshot of Juber Khan...]]>
    </line>
    <line>
      <![CDATA[getting actual user name...]]>
    </line>
    <line>
      <![CDATA[Read data from properties file...]]>
    </line>
    <line>
      <![CDATA[TC is passed, Actual and expected user name is matched...]]>
    </line>
    <line>
      <![CDATA[Wait for 1000ms...]]>
    </line>
    <line>
      <![CDATA[Wait for 1000ms...]]>
    </line>
    <line>
      <![CDATA[clicking on logout button...]]>
    </line>
    <line>
      <![CDATA[Loggingout from NeoStox...]]>
    </line>
    <line>
      <![CDATA[Closing browser...]]>
    </line>
  </reporter-output>
  <suite started-at="2023-02-04T15:11:24 IST" name="Default suite" finished-at="2023-02-04T15:11:41 IST" duration-ms="16857">
    <groups>
    </groups>
    <test started-at="2023-02-04T15:11:24 IST" name="Default test" finished-at="2023-02-04T15:11:41 IST" duration-ms="16857">
      <class name="testNGClass_Package.NeoStox_ValidateUserName">
        <test-method is-config="true" signature="launchBrowser()[pri:0, instance:testNGClass_Package.NeoStox_ValidateUserName@49049a04]" started-at="2023-02-04T15:11:24 IST" name="launchBrowser" finished-at="2023-02-04T15:11:30 IST" duration-ms="5976" status="PASS">
          <reporter-output>
            <line>
              <![CDATA[Read data from properties file...]]>
            </line>
            <line>
              <![CDATA[Wait for 1000ms...]]>
            </line>
            <line>
              <![CDATA[Launch browser and open NeoStox...]]>
            </line>
            <line>
              <![CDATA[Wait for 1000ms...]]>
            </line>
          </reporter-output>
        </test-method> <!-- launchBrowser -->
        <test-method is-config="true" signature="pu()[pri:0, instance:testNGClass_Package.NeoStox_ValidateUserName@49049a04]" started-at="2023-02-04T15:11:30 IST" name="pu" finished-at="2023-02-04T15:11:40 IST" duration-ms="9400" status="PASS">
          <reporter-output>
            <line>
              <![CDATA[Wait for 1000ms...]]>
            </line>
            <line>
              <![CDATA[Click on sign in button...]]>
            </line>
            <line>
              <![CDATA[Wait for 1000ms...]]>
            </line>
            <line>
              <![CDATA[Read data from properties file...]]>
            </line>
            <line>
              <![CDATA[Wait for 1000ms...]]>
            </line>
            <line>
              <![CDATA[Enter mobile number...]]>
            </line>
            <line>
              <![CDATA[Wait for 1000ms...]]>
            </line>
            <line>
              <![CDATA[Wait for 1000ms...]]>
            </line>
            <line>
              <![CDATA[Click on sign in button...]]>
            </line>
            <line>
              <![CDATA[Wait for 1000ms...]]>
            </line>
            <line>
              <![CDATA[Read data from properties file...]]>
            </line>
            <line>
              <![CDATA[Wait for 1000ms...]]>
            </line>
            <line>
              <![CDATA[Enter mobile number...]]>
            </line>
            <line>
              <![CDATA[Wait for 1000ms...]]>
            </line>
            <line>
              <![CDATA[Click on sign in button...]]>
            </line>
            <line>
              <![CDATA[Wait for 1000ms...]]>
            </line>
            <line>
              <![CDATA[clicking on ok button...]]>
            </line>
            <line>
              <![CDATA[Wait for 1000ms...]]>
            </line>
          </reporter-output>
        </test-method> <!-- pu -->
        <test-method signature="validateUserName()[pri:0, instance:testNGClass_Package.NeoStox_ValidateUserName@49049a04]" started-at="2023-02-04T15:11:40 IST" name="validateUserName" finished-at="2023-02-04T15:11:40 IST" duration-ms="339" status="PASS">
          <reporter-output>
            <line>
              <![CDATA[Scrolling into view at [[ChromeDriver: chrome on WINDOWS (1ccc837958399d496dd10c333ab515de)] -> xpath: (//a[@id='navbarDropdown']//span)[3]]...]]>
            </line>
            <line>
              <![CDATA[Wait for 1000ms...]]>
            </line>
            <line>
              <![CDATA[take screenshot of Juber Khan...]]>
            </line>
            <line>
              <![CDATA[getting actual user name...]]>
            </line>
            <line>
              <![CDATA[Read data from properties file...]]>
            </line>
            <line>
              <![CDATA[TC is passed, Actual and expected user name is matched...]]>
            </line>
          </reporter-output>
        </test-method> <!-- validateUserName -->
        <test-method is-config="true" signature="logoutFromNeostox()[pri:0, instance:testNGClass_Package.NeoStox_ValidateUserName@49049a04]" started-at="2023-02-04T15:11:40 IST" name="logoutFromNeostox" finished-at="2023-02-04T15:11:41 IST" duration-ms="950" status="PASS">
          <reporter-output>
            <line>
              <![CDATA[Wait for 1000ms...]]>
            </line>
            <line>
              <![CDATA[Wait for 1000ms...]]>
            </line>
            <line>
              <![CDATA[clicking on logout button...]]>
            </line>
            <line>
              <![CDATA[Loggingout from NeoStox...]]>
            </line>
          </reporter-output>
        </test-method> <!-- logoutFromNeostox -->
        <test-method is-config="true" signature="closingBrowser()[pri:0, instance:testNGClass_Package.NeoStox_ValidateUserName@49049a04]" started-at="2023-02-04T15:11:41 IST" name="closingBrowser" finished-at="2023-02-04T15:11:41 IST" duration-ms="163" status="PASS">
          <reporter-output>
            <line>
              <![CDATA[Closing browser...]]>
            </line>
          </reporter-output>
        </test-method> <!-- closingBrowser -->
      </class> <!-- testNGClass_Package.NeoStox_ValidateUserName -->
    </test> <!-- Default test -->
  </suite> <!-- Default suite -->
</testng-results>
